<?xml version="1.0" encoding="UTF-8"?>
<!-- Generated by org.testng.reporters.JUnitXMLReporter -->
<testsuite ignored="0" hostname="LAPTOP-GAUPM6CM" failures="0" tests="4" name="Test" time="33.364" errors="0" timestamp="2024-09-29T09:19:15 IST">
  <testcase classname="testscripts.regression.ValidateLogin" name="validateLoginTest1" time="0.992"/>
  <testcase classname="testscripts.regression.ValidateLogin" name="validateLoginTest2" time="0.636"/>
  <testcase classname="testscripts.regression.ValidateLogin" name="validateLoginTest3" time="0.732"/>
  <testcase classname="testscripts.regression.ValidateLogin" name="validateLoginTest4" time="0.695"/>
</testsuite> <!-- Test -->
